<?xml version="1.0" encoding="UTF-8"?>
<!-- Generated by org.testng.reporters.JUnitReportReporter -->
<testsuite hostname="IMCNBCP244-MSL2" failures="0" tests="1" name="SeleniumPractice.TestngclassTest" time="18.165" errors="0" timestamp="2023-01-06T10:16:57 IST" skipped="0">
  <testcase classname="SeleniumPractice.TestngclassTest" name="Login1" time="18.165"/>
  <system-out/>
</testsuite> <!-- SeleniumPractice.TestngclassTest -->
